0 info it worked if it ends with ok
1 verbose cli [ '/usr/local/Cellar/node/5.11.0/bin/node',
1 verbose cli   '/usr/local/bin/npm',
1 verbose cli   'run',
1 verbose cli   'develop' ]
2 info using npm@3.8.6
3 info using node@v5.11.0
4 verbose run-script [ 'predevelop', 'develop', 'postdevelop' ]
5 info lifecycle SocketsAgainstHumanity@0.1.0~predevelop: SocketsAgainstHumanity@0.1.0
6 silly lifecycle SocketsAgainstHumanity@0.1.0~predevelop: no script for predevelop, continuing
7 info lifecycle SocketsAgainstHumanity@0.1.0~develop: SocketsAgainstHumanity@0.1.0
8 verbose lifecycle SocketsAgainstHumanity@0.1.0~develop: unsafe-perm in lifecycle true
9 verbose lifecycle SocketsAgainstHumanity@0.1.0~develop: PATH: /usr/local/lib/node_modules/npm/bin/node-gyp-bin:/Users/truu/Documents/SocketsAgainstHumanity/node_modules/.bin:/usr/local/Cellar/node/5.11.0/bin:/usr/local/bin:/usr/bin:/bin:/usr/sbin:/sbin
10 verbose lifecycle SocketsAgainstHumanity@0.1.0~develop: CWD: /Users/truu/Documents/SocketsAgainstHumanity
11 silly lifecycle SocketsAgainstHumanity@0.1.0~develop: Args: [ '-c', 'NODE_ENV=development node serverStart.js develop' ]
12 silly lifecycle SocketsAgainstHumanity@0.1.0~develop: Returned: code: 1  signal: null
13 info lifecycle SocketsAgainstHumanity@0.1.0~develop: Failed to exec develop script
14 verbose stack Error: SocketsAgainstHumanity@0.1.0 develop: `NODE_ENV=development node serverStart.js develop`
14 verbose stack Exit status 1
14 verbose stack     at EventEmitter.<anonymous> (/usr/local/lib/node_modules/npm/lib/utils/lifecycle.js:239:16)
14 verbose stack     at emitTwo (events.js:100:13)
14 verbose stack     at EventEmitter.emit (events.js:185:7)
14 verbose stack     at ChildProcess.<anonymous> (/usr/local/lib/node_modules/npm/lib/utils/spawn.js:24:14)
14 verbose stack     at emitTwo (events.js:100:13)
14 verbose stack     at ChildProcess.emit (events.js:185:7)
14 verbose stack     at maybeClose (internal/child_process.js:850:16)
14 verbose stack     at Process.ChildProcess._handle.onexit (internal/child_process.js:215:5)
15 verbose pkgid SocketsAgainstHumanity@0.1.0
16 verbose cwd /Users/truu/Documents/SocketsAgainstHumanity
17 error Darwin 15.4.0
18 error argv "/usr/local/Cellar/node/5.11.0/bin/node" "/usr/local/bin/npm" "run" "develop"
19 error node v5.11.0
20 error npm  v3.8.6
21 error code ELIFECYCLE
22 error SocketsAgainstHumanity@0.1.0 develop: `NODE_ENV=development node serverStart.js develop`
22 error Exit status 1
23 error Failed at the SocketsAgainstHumanity@0.1.0 develop script 'NODE_ENV=development node serverStart.js develop'.
23 error Make sure you have the latest version of node.js and npm installed.
23 error If you do, this is most likely a problem with the SocketsAgainstHumanity package,
23 error not with npm itself.
23 error Tell the author that this fails on your system:
23 error     NODE_ENV=development node serverStart.js develop
23 error You can get information on how to open an issue for this project with:
23 error     npm bugs SocketsAgainstHumanity
23 error Or if that isn't available, you can get their info via:
23 error     npm owner ls SocketsAgainstHumanity
23 error There is likely additional logging output above.
24 verbose exit [ 1, true ]
